Compiling the C compiler identification source file "CMakeCCompilerId.c" failed.
Compiler: /opt/local/bin/gcc-mp-8 
Build flags: -O3;-msse2;-fopenmp-simd;-malign-double
Id flags:  

The output was:
1
ld: library not found for -lSystem
collect2: error: ld returned 1 exit status


Compiling the CXX compiler identification source file "CMakeCXXCompilerId.cpp" failed.
Compiler: /opt/local/bin/g++-mp-8 
Build flags: -O3;-msse2;-fopenmp-simd;-malign-double
Id flags:  

The output was:
1
ld: library not found for -lSystem
collect2: error: ld returned 1 exit status


Compiling the Fortran compiler identification source file "CMakeFortranCompilerId.F" failed.
Compiler: /opt/local/bin/gfortran-mp-8 
Build flags: -O3;-msse2;-DHDF5_DOUBLE_PRESICION;-fopenmp-simd;-malign-double
Id flags: -v 

The output was:
1
Driving: /opt/local/bin/gfortran-mp-8 -O3 -msse2 -DHDF5_DOUBLE_PRESICION -fopenmp-simd -malign-double -v CMakeFortranCompilerId.F -mmacosx-version-min=10.14.0 -asm_macosx_version_min=10.14 -l gfortran -shared-libgcc
Using built-in specs.
COLLECT_GCC=/opt/local/bin/gfortran-mp-8
COLLECT_LTO_WRAPPER=/opt/local/libexec/gcc/x86_64-apple-darwin18/8.3.0/lto-wrapper
Target: x86_64-apple-darwin18
Configured with: /opt/local/var/macports/build/_opt_bblocal_var_buildworker_ports_build_ports_lang_gcc8/gcc8/work/gcc-8.3.0/configure --prefix=/opt/local --build=x86_64-apple-darwin18 --enable-languages=c,c++,objc,obj-c++,lto,fortran --libdir=/opt/local/lib/gcc8 --includedir=/opt/local/include/gcc8 --infodir=/opt/local/share/info --mandir=/opt/local/share/man --datarootdir=/opt/local/share/gcc-8 --with-local-prefix=/opt/local --with-system-zlib --disable-nls --program-suffix=-mp-8 --with-gxx-include-dir=/opt/local/include/gcc8/c++/ --with-gmp=/opt/local --with-mpfr=/opt/local --with-mpc=/opt/local --with-isl=/opt/local --enable-stage1-checking --disable-multilib --enable-lto --enable-libstdcxx-time --with-build-config=bootstrap-debug --with-as=/opt/local/bin/as --with-ld=/opt/local/bin/ld --with-ar=/opt/local/bin/ar --with-bugurl=https://trac.macports.org/newticket --disable-tls --with-pkgversion='MacPorts gcc8 8.3.0_4' --with-sysroot=/Applications/Xcode.app/Contents/Developer/Platforms/MacOSX.platform/Developer/SDKs/MacOSX10.14.sdk
Thread model: posix
gcc version 8.3.0 (MacPorts gcc8 8.3.0_4) 
COLLECT_GCC_OPTIONS='-O3' '-msse2' '-D' 'HDF5_DOUBLE_PRESICION' '-fopenmp-simd' '-malign-double' '-v' '-mmacosx-version-min=10.14.0' '-asm_macosx_version_min=10.14' '-shared-libgcc' '-mtune=core2'
 /opt/local/libexec/gcc/x86_64-apple-darwin18/8.3.0/f951 CMakeFortranCompilerId.F -ffixed-form -cpp=/var/folders/zb/jt42d3355lz4z5ws9sywtlqdxf78h9/T//cc6AvOHC.f90 -quiet -v -D__DYNAMIC__ -D HDF5_DOUBLE_PRESICION CMakeFortranCompilerId.F -fPIC -quiet -dumpbase CMakeFortranCompilerId.F -msse2 -malign-double -mmacosx-version-min=10.14.0 -mtune=core2 -auxbase CMakeFortranCompilerId -O3 -version -fopenmp-simd -fintrinsic-modules-path /opt/local/lib/gcc8/gcc/x86_64-apple-darwin18/8.3.0/finclude -o /var/folders/zb/jt42d3355lz4z5ws9sywtlqdxf78h9/T//ccc4KYQy.s
GNU Fortran (MacPorts gcc8 8.3.0_4) version 8.3.0 (x86_64-apple-darwin18)
	compiled by GNU C version 8.3.0, GMP version 6.1.2, MPFR version 4.0.2, MPC version 1.1.0, isl version isl-0.21-GMP

GGC heuristics: --param ggc-min-expand=100 --param ggc-min-heapsize=131072
ignoring nonexistent directory "/Applications/Xcode.app/Contents/Developer/Platforms/MacOSX.platform/Developer/SDKs/MacOSX10.14.sdk/opt/local/include"
ignoring nonexistent directory "/opt/local/lib/gcc8/gcc/x86_64-apple-darwin18/8.3.0/../../../../../x86_64-apple-darwin18/include"
ignoring nonexistent directory "/Applications/Xcode.app/Contents/Developer/Platforms/MacOSX.platform/Developer/SDKs/MacOSX10.14.sdk/usr/include"
#include "..." search starts here:
#include <...> search starts here:
 /opt/local/lib/gcc8/gcc/x86_64-apple-darwin18/8.3.0/finclude
 /opt/local/lib/gcc8/gcc/x86_64-apple-darwin18/8.3.0/include
 /opt/local/lib/gcc8/gcc/x86_64-apple-darwin18/8.3.0/include-fixed
End of search list.
GNU Fortran2008 (MacPorts gcc8 8.3.0_4) version 8.3.0 (x86_64-apple-darwin18)
	compiled by GNU C version 8.3.0, GMP version 6.1.2, MPFR version 4.0.2, MPC version 1.1.0, isl version isl-0.21-GMP

GGC heuristics: --param ggc-min-expand=100 --param ggc-min-heapsize=131072
COLLECT_GCC_OPTIONS='-O3' '-msse2' '-D' 'HDF5_DOUBLE_PRESICION' '-fopenmp-simd' '-malign-double' '-v' '-mmacosx-version-min=10.14.0'  '-shared-libgcc' '-mtune=core2'
 /opt/local/bin/as -arch x86_64 -v -force_cpusubtype_ALL -mmacosx-version-min=10.14 -o /var/folders/zb/jt42d3355lz4z5ws9sywtlqdxf78h9/T//ccjrE1a0.o /var/folders/zb/jt42d3355lz4z5ws9sywtlqdxf78h9/T//ccc4KYQy.s
Apple clang version 11.0.0 (clang-1100.0.33.12)
Target: x86_64-apple-darwin18.7.0
Thread model: posix
InstalledDir: /Applications/Xcode.app/Contents/Developer/Toolchains/XcodeDefault.xctoolchain/usr/bin
 "/Applications/Xcode.app/Contents/Developer/Toolchains/XcodeDefault.xctoolchain/usr/bin/clang" -cc1as -triple x86_64-apple-macosx10.14.0 -filetype obj -main-file-name ccc4KYQy.s -target-cpu penryn -fdebug-compilation-dir /Users/21b/Desktop/KORC/CMakeFiles/3.14.0/CompilerIdFortran -dwarf-debug-producer Apple clang version 11.0.0 (clang-1100.0.33.12) -dwarf-version=4 -mrelocation-model pic -o /var/folders/zb/jt42d3355lz4z5ws9sywtlqdxf78h9/T//ccjrE1a0.o /var/folders/zb/jt42d3355lz4z5ws9sywtlqdxf78h9/T//ccc4KYQy.s
Reading specs from /opt/local/lib/gcc8/gcc/x86_64-apple-darwin18/8.3.0/../../../libgfortran.spec
rename spec lib to liborig
COLLECT_GCC_OPTIONS='-O3' '-msse2' '-D' 'HDF5_DOUBLE_PRESICION' '-fopenmp-simd' '-malign-double' '-v' '-mmacosx-version-min=10.14.0'  '-shared-libgcc' '-mtune=core2'
COMPILER_PATH=/opt/local/libexec/gcc/x86_64-apple-darwin18/8.3.0/:/opt/local/libexec/gcc/x86_64-apple-darwin18/8.3.0/:/opt/local/libexec/gcc/x86_64-apple-darwin18/:/opt/local/lib/gcc8/gcc/x86_64-apple-darwin18/8.3.0/:/opt/local/lib/gcc8/gcc/x86_64-apple-darwin18/
LIBRARY_PATH=/opt/local/lib/gcc8/gcc/x86_64-apple-darwin18/8.3.0/:/opt/local/lib/gcc8/gcc/x86_64-apple-darwin18/8.3.0/../../../
COLLECT_GCC_OPTIONS='-O3' '-msse2' '-D' 'HDF5_DOUBLE_PRESICION' '-fopenmp-simd' '-malign-double' '-v' '-mmacosx-version-min=10.14.0'  '-shared-libgcc' '-mtune=core2'
 /opt/local/libexec/gcc/x86_64-apple-darwin18/8.3.0/collect2 -syslibroot /Applications/Xcode.app/Contents/Developer/Platforms/MacOSX.platform/Developer/SDKs/MacOSX10.14.sdk/ -dynamic -arch x86_64 -macosx_version_min 10.14.0 -weak_reference_mismatches non-weak -o a.out -L/opt/local/lib/gcc8/gcc/x86_64-apple-darwin18/8.3.0 -L/opt/local/lib/gcc8/gcc/x86_64-apple-darwin18/8.3.0/../../.. /var/folders/zb/jt42d3355lz4z5ws9sywtlqdxf78h9/T//ccjrE1a0.o -lgfortran -no_compact_unwind -lSystem -lgcc_ext.10.5 -lgcc -lquadmath -lm -lgcc_ext.10.5 -lgcc -lSystem -v
collect2 version 8.3.0
/opt/local/bin/ld -syslibroot /Applications/Xcode.app/Contents/Developer/Platforms/MacOSX.platform/Developer/SDKs/MacOSX10.14.sdk/ -dynamic -arch x86_64 -macosx_version_min 10.14.0 -weak_reference_mismatches non-weak -o a.out -L/opt/local/lib/gcc8/gcc/x86_64-apple-darwin18/8.3.0 -L/opt/local/lib/gcc8/gcc/x86_64-apple-darwin18/8.3.0/../../.. /var/folders/zb/jt42d3355lz4z5ws9sywtlqdxf78h9/T//ccjrE1a0.o -lgfortran -no_compact_unwind -lSystem -lgcc_ext.10.5 -lgcc -lquadmath -lm -lgcc_ext.10.5 -lgcc -lSystem -v
@(#)PROGRAM:ld  PROJECT:ld64-520
BUILD 18:38:01 Oct 11 2019
configured to support archs: armv6 armv7 armv7s arm64 arm64e arm64_32 i386 x86_64 x86_64h armv6m armv7k armv7m armv7em
Library search paths:
	/opt/local/lib/gcc8/gcc/x86_64-apple-darwin18/8.3.0
	/opt/local/lib/gcc8
Framework search paths:
ld: library not found for -lSystem
collect2: error: ld returned 1 exit status


Compiling the Fortran compiler identification source file "CMakeFortranCompilerId.F" failed.
Compiler: /opt/local/bin/gfortran-mp-8 
Build flags: -O3;-msse2;-DHDF5_DOUBLE_PRESICION;-fopenmp-simd;-malign-double
Id flags:  

The output was:
1
ld: library not found for -lSystem
collect2: error: ld returned 1 exit status


